<?xml version="1.0" encoding="utf-8"?><testsuites name="pytest tests"><testsuite name="pytest" errors="0" failures="0" skipped="0" tests="12" time="30.160" timestamp="2026-06-11T22:12:27.525914+00:00" hostname="agent-env-660e2ca1-e42b-477a-b9ae-8d604499368b"><testcase classname="backend.tests.test_vision_and_docs.TestDocuments" name="test_list_documents_returns_three" time="0.179" /><testcase classname="backend.tests.test_vision_and_docs.TestDocuments" name="test_get_document_prd" time="0.051" /><testcase classname="backend.tests.test_vision_and_docs.TestDocuments" name="test_get_document_trd" time="0.046" /><testcase classname="backend.tests.test_vision_and_docs.TestDocuments" name="test_get_document_app_flow" time="0.044" /><testcase classname="backend.tests.test_vision_and_docs.TestDocuments" name="test_get_unknown_document_404" time="0.045" /><testcase classname="backend.tests.test_vision_and_docs.TestAuthEnforcement" name="test_sync_without_token_401" time="0.048" /><testcase classname="backend.tests.test_vision_and_docs.TestAuthEnforcement" name="test_sync_viewer_role_403" time="0.094" /><testcase classname="backend.tests.test_vision_and_docs.TestVisionExtraction" name="test_personalausweis_vision_extraction" time="8.517" /><testcase classname="backend.tests.test_vision_and_docs.TestVisionExtraction" name="test_fuehrerschein_avif_vision_extraction" time="12.047" /><testcase classname="backend.tests.test_vision_and_docs.TestVisionExtraction" name="test_s3_invoice_real_llm" time="2.685" /><testcase classname="backend.tests.test_vision_and_docs.TestAsyncImage" name="test_async_image_completes" time="6.259" /><testcase classname="backend.tests.test_vision_and_docs.TestBlankRegression" name="test_blank_pdf_returns_422" time="0.067" /></testsuite></testsuites>