<?xml version="1.0" encoding="utf-8"?><testsuites name="pytest tests"><testsuite name="pytest" errors="0" failures="0" skipped="0" tests="22" time="9.221" timestamp="2026-06-14T22:05:22.658675+00:00" hostname="agent-env-56103d43-7a90-4058-a069-2e89799349a9"><testcase classname="backend.tests.test_vanilla_frontend_integration.TestSingleContainerStatic" name="test_static_assets_served[/-text/html-https://multilang-paddle-ocr.preview.emergentagent.com]" time="0.171" /><testcase classname="backend.tests.test_vanilla_frontend_integration.TestSingleContainerStatic" name="test_static_assets_served[/-text/html-http://localhost:8001]" time="0.009" /><testcase classname="backend.tests.test_vanilla_frontend_integration.TestSingleContainerStatic" name="test_static_assets_served[/app.js-javascript-https://multilang-paddle-ocr.preview.emergentagent.com]" time="0.105" /><testcase classname="backend.tests.test_vanilla_frontend_integration.TestSingleContainerStatic" name="test_static_assets_served[/app.js-javascript-http://localhost:8001]" time="0.003" /><testcase classname="backend.tests.test_vanilla_frontend_integration.TestSingleContainerStatic" name="test_static_assets_served[/styles.css-css-https://multilang-paddle-ocr.preview.emergentagent.com]" time="0.100" /><testcase classname="backend.tests.test_vanilla_frontend_integration.TestSingleContainerStatic" name="test_static_assets_served[/styles.css-css-http://localhost:8001]" time="0.003" /><testcase classname="backend.tests.test_vanilla_frontend_integration.TestSingleContainerStatic" name="test_index_has_testids_and_no_react_env" time="0.100" /><testcase classname="backend.tests.test_vanilla_frontend_integration.TestSingleContainerStatic" name="test_app_js_uses_relative_urls" time="0.098" /><testcase classname="backend.tests.test_vanilla_frontend_integration.TestOpsEndpoints" name="test_health[https://multilang-paddle-ocr.preview.emergentagent.com]" time="0.103" /><testcase classname="backend.tests.test_vanilla_frontend_integration.TestOpsEndpoints" name="test_health[http://localhost:8001]" time="0.002" /><testcase classname="backend.tests.test_vanilla_frontend_integration.TestOpsEndpoints" name="test_health_alias_direct_backend" time="0.002" /><testcase classname="backend.tests.test_vanilla_frontend_integration.TestOpsEndpoints" name="test_ready_via_api_prefix" time="0.110" /><testcase classname="backend.tests.test_vanilla_frontend_integration.TestOpsEndpoints" name="test_ready_direct_backend" time="0.004" /><testcase classname="backend.tests.test_vanilla_frontend_integration.TestAuthToken" name="test_token_minted" time="0.101" /><testcase classname="backend.tests.test_vanilla_frontend_integration.TestDocuments" name="test_list" time="0.095" /><testcase classname="backend.tests.test_vanilla_frontend_integration.TestDocuments" name="test_get_doc[prd]" time="0.102" /><testcase classname="backend.tests.test_vanilla_frontend_integration.TestDocuments" name="test_get_doc[trd]" time="0.094" /><testcase classname="backend.tests.test_vanilla_frontend_integration.TestDocuments" name="test_get_doc[app-flow]" time="0.114" /><testcase classname="backend.tests.test_vanilla_frontend_integration.TestDocuments" name="test_unknown_doc_404" time="0.105" /><testcase classname="backend.tests.test_vanilla_frontend_integration.TestExtraction" name="test_sync_s3" time="4.085" /><testcase classname="backend.tests.test_vanilla_frontend_integration.TestExtraction" name="test_async_s3_completes" time="3.521" /><testcase classname="backend.tests.test_vanilla_frontend_integration.TestAuthEnforcement" name="test_no_token_401" time="0.098" /></testsuite></testsuites>