<?xml version="1.0" encoding="utf-8"?><testsuites name="pytest tests"><testsuite name="pytest" errors="0" failures="2" skipped="0" tests="27" time="7.430" timestamp="2026-05-30T00:39:48.863611+00:00" hostname="agent-env-b711b5fa-1cf6-4ec9-9da8-3816e7e82a22"><testcase classname="backend.tests.test_extraction_api" name="test_api_health" time="0.241" /><testcase classname="backend.tests.test_extraction_api" name="test_api_ready" time="0.048" /><testcase classname="backend.tests.test_extraction_api" name="test_auth_token_mint" time="0.050" /><testcase classname="backend.tests.test_extraction_api" name="test_sync_no_auth_returns_401_problem_json" time="0.047" /><testcase classname="backend.tests.test_extraction_api" name="test_sync_viewer_role_returns_403_problem_json" time="0.100" /><testcase classname="backend.tests.test_extraction_api" name="test_sync_missing_source_returns_400" time="0.097" /><testcase classname="backend.tests.test_extraction_api" name="test_sync_extract_s3_uri_mock_fallback" time="0.117" /><testcase classname="backend.tests.test_extraction_api" name="test_sync_extract_multipart_upload" time="0.099" /><testcase classname="backend.tests.test_extraction_api" name="test_async_extract_and_poll_completion" time="0.217" /><testcase classname="backend.tests.test_extraction_api" name="test_get_job_nonexistent_returns_404" time="0.050" /><testcase classname="backend.tests.test_regression_formats" name="test_sync_format_matrix_returns_200_structured[text.pdf-application/pdf]" time="0.286" /><testcase classname="backend.tests.test_regression_formats" name="test_sync_format_matrix_returns_200_structured[s.docx-application/vnd.openxmlformats-officedocument.wordprocessingml.document]" time="0.331" /><testcase classname="backend.tests.test_regression_formats" name="test_sync_format_matrix_returns_200_structured[s.pptx-application/vnd.openxmlformats-officedocument.presentationml.presentation]" time="0.129" /><testcase classname="backend.tests.test_regression_formats" name="test_sync_format_matrix_returns_200_structured[s.xlsx-application/vnd.openxmlformats-officedocument.spreadsheetml.sheet]" time="0.162" /><testcase classname="backend.tests.test_regression_formats" name="test_sync_format_matrix_returns_200_structured[s.txt-text/plain]" time="0.121" /><testcase classname="backend.tests.test_regression_formats" name="test_sync_format_matrix_returns_200_structured[s.md-text/markdown]" time="0.100" /><testcase classname="backend.tests.test_regression_formats" name="test_sync_format_matrix_returns_200_structured[s.html-text/html]" time="0.131" /><testcase classname="backend.tests.test_regression_formats" name="test_sync_format_matrix_returns_200_structured[s.csv-text/csv]" time="0.119" /><testcase classname="backend.tests.test_regression_formats" name="test_sync_format_matrix_returns_200_structured[s.json-application/json]" time="0.147" /><testcase classname="backend.tests.test_regression_formats" name="test_sync_blank_pdf_returns_422_problem_json" time="0.216"><failure message="AssertionError: Expected 422 got 500 body={&quot;type&quot;:&quot;about:blank&quot;,&quot;title&quot;:&quot;Internal Server Error&quot;,&quot;status&quot;:500,&quot;detail&quot;:&quot;An unexpected error occurred while processing the request.&quot;,&quot;correlationId&quot;:&quot;blank-4603c8b5&quot;,&quot;instance&quot;:&quot;/api/v1/extract/sync&quot;}&#10;assert 500 == 422&#10; +  where 500 = &lt;Response [500]&gt;.status_code">backend/tests/test_regression_formats.py:107: in test_sync_blank_pdf_returns_422_problem_json
    assert r.status_code == 422, f"Expected 422 got {r.status_code} body={r.text[:300]}"
E   AssertionError: Expected 422 got 500 body={"type":"about:blank","title":"Internal Server Error","status":500,"detail":"An unexpected error occurred while processing the request.","correlationId":"blank-4603c8b5","instance":"/api/v1/extract/sync"}
E   assert 500 == 422
E    +  where 500 = &lt;Response [500]&gt;.status_code</failure></testcase><testcase classname="backend.tests.test_regression_formats" name="test_async_blank_pdf_polls_to_failed" time="0.163"><failure message="AssertionError: Missing clear error message: {'jobId': '07090e4e2ab940c5980c0e112326dfed', 'status': 'FAILED', 'correlationId': 'async-blank-ce0de71f', 'sourceType': 'upload', 'filename': 'blank.pdf', 'createdAt': '2026-05-30T00:39:51.819103Z', 'updatedAt': '2026-05-30T00:39:51.839441Z', 'callbackUrl': None, 'result': None, 'error': 'OCR failed for PDF: Failed to load document (PDFium: Success).'}&#10;assert ('extractable' in 'ocr failed for pdf: failed to load document (pdfium: success).' or 'no extractable text' in 'ocr failed for pdf: failed to load document (pdfium: success).')">backend/tests/test_regression_formats.py:150: in test_async_blank_pdf_polls_to_failed
    assert "extractable" in err or "no extractable text" in err, \
E   AssertionError: Missing clear error message: {'jobId': '07090e4e2ab940c5980c0e112326dfed', 'status': 'FAILED', 'correlationId': 'async-blank-ce0de71f', 'sourceType': 'upload', 'filename': 'blank.pdf', 'createdAt': '2026-05-30T00:39:51.819103Z', 'updatedAt': '2026-05-30T00:39:51.839441Z', 'callbackUrl': None, 'result': None, 'error': 'OCR failed for PDF: Failed to load document (PDFium: Success).'}
E   assert ('extractable' in 'ocr failed for pdf: failed to load document (pdfium: success).' or 'no extractable text' in 'ocr failed for pdf: failed to load document (pdfium: success).')</failure></testcase><testcase classname="backend.tests.test_regression_formats" name="test_sync_s3_json_body_returns_200" time="0.169" /><testcase classname="backend.tests.test_regression_formats" name="test_sync_ocr_image_jpeg_german" time="0.479" /><testcase classname="backend.tests.test_regression_formats" name="test_sync_ocr_personalausweis_detection" time="0.541" /><testcase classname="backend.tests.test_regression_formats" name="test_sync_scanned_pdf_ocr_fallback" time="1.376" /><testcase classname="backend.tests.test_regression_formats" name="test_sync_german_chars_preserved" time="0.070" /><testcase classname="backend.tests.test_regression_formats" name="test_async_image_ocr_completes" time="1.668" /></testsuite></testsuites>