<?xml version="1.0" encoding="utf-8"?><testsuites name="pytest tests"><testsuite name="pytest" errors="0" failures="0" skipped="0" tests="27" time="10.945" timestamp="2026-05-30T00:16:39.675159+00:00" hostname="agent-env-b711b5fa-1cf6-4ec9-9da8-3816e7e82a22"><testcase classname="backend.tests.test_extraction_api" name="test_api_health" time="0.158" /><testcase classname="backend.tests.test_extraction_api" name="test_api_ready" time="0.052" /><testcase classname="backend.tests.test_extraction_api" name="test_auth_token_mint" time="0.046" /><testcase classname="backend.tests.test_extraction_api" name="test_sync_no_auth_returns_401_problem_json" time="0.049" /><testcase classname="backend.tests.test_extraction_api" name="test_sync_viewer_role_returns_403_problem_json" time="0.094" /><testcase classname="backend.tests.test_extraction_api" name="test_sync_missing_source_returns_400" time="0.095" /><testcase classname="backend.tests.test_extraction_api" name="test_sync_extract_s3_uri_mock_fallback" time="0.144" /><testcase classname="backend.tests.test_extraction_api" name="test_sync_extract_multipart_upload" time="0.149" /><testcase classname="backend.tests.test_extraction_api" name="test_async_extract_and_poll_completion" time="1.767" /><testcase classname="backend.tests.test_extraction_api" name="test_get_job_nonexistent_returns_404" time="0.051" /><testcase classname="backend.tests.test_regression_formats" name="test_sync_format_matrix_returns_200_structured[text.pdf-application/pdf]" time="0.301" /><testcase classname="backend.tests.test_regression_formats" name="test_sync_format_matrix_returns_200_structured[s.docx-application/vnd.openxmlformats-officedocument.wordprocessingml.document]" time="0.436" /><testcase classname="backend.tests.test_regression_formats" name="test_sync_format_matrix_returns_200_structured[s.pptx-application/vnd.openxmlformats-officedocument.presentationml.presentation]" time="0.163" /><testcase classname="backend.tests.test_regression_formats" name="test_sync_format_matrix_returns_200_structured[s.xlsx-application/vnd.openxmlformats-officedocument.spreadsheetml.sheet]" time="0.198" /><testcase classname="backend.tests.test_regression_formats" name="test_sync_format_matrix_returns_200_structured[s.txt-text/plain]" time="0.130" /><testcase classname="backend.tests.test_regression_formats" name="test_sync_format_matrix_returns_200_structured[s.md-text/markdown]" time="0.199" /><testcase classname="backend.tests.test_regression_formats" name="test_sync_format_matrix_returns_200_structured[s.html-text/html]" time="0.103" /><testcase classname="backend.tests.test_regression_formats" name="test_sync_format_matrix_returns_200_structured[s.csv-text/csv]" time="0.144" /><testcase classname="backend.tests.test_regression_formats" name="test_sync_format_matrix_returns_200_structured[s.json-application/json]" time="0.154" /><testcase classname="backend.tests.test_regression_formats" name="test_sync_blank_pdf_returns_422_problem_json" time="0.146" /><testcase classname="backend.tests.test_regression_formats" name="test_async_blank_pdf_polls_to_failed" time="1.723" /><testcase classname="backend.tests.test_regression_formats" name="test_sync_s3_json_body_returns_200" time="0.123" /><testcase classname="backend.tests.test_regression_formats" name="test_sync_ocr_image_jpeg_german" time="0.476" /><testcase classname="backend.tests.test_regression_formats" name="test_sync_ocr_personalausweis_detection" time="0.649" /><testcase classname="backend.tests.test_regression_formats" name="test_sync_scanned_pdf_ocr_fallback" time="1.465" /><testcase classname="backend.tests.test_regression_formats" name="test_sync_german_chars_preserved" time="0.109" /><testcase classname="backend.tests.test_regression_formats" name="test_async_image_ocr_completes" time="1.692" /></testsuite></testsuites>