<?xml version="1.0" encoding="utf-8"?><testsuites name="pytest tests"><testsuite name="pytest" errors="0" failures="0" skipped="0" tests="17" time="7.789" timestamp="2026-05-30T00:16:26.863339+00:00" hostname="agent-env-b711b5fa-1cf6-4ec9-9da8-3816e7e82a22"><testcase classname="backend.tests.test_regression_formats" name="test_sync_format_matrix_returns_200_structured[text.pdf-application/pdf]" time="0.314" /><testcase classname="backend.tests.test_regression_formats" name="test_sync_format_matrix_returns_200_structured[s.docx-application/vnd.openxmlformats-officedocument.wordprocessingml.document]" time="0.333" /><testcase classname="backend.tests.test_regression_formats" name="test_sync_format_matrix_returns_200_structured[s.pptx-application/vnd.openxmlformats-officedocument.presentationml.presentation]" time="0.129" /><testcase classname="backend.tests.test_regression_formats" name="test_sync_format_matrix_returns_200_structured[s.xlsx-application/vnd.openxmlformats-officedocument.spreadsheetml.sheet]" time="0.148" /><testcase classname="backend.tests.test_regression_formats" name="test_sync_format_matrix_returns_200_structured[s.txt-text/plain]" time="0.083" /><testcase classname="backend.tests.test_regression_formats" name="test_sync_format_matrix_returns_200_structured[s.md-text/markdown]" time="0.149" /><testcase classname="backend.tests.test_regression_formats" name="test_sync_format_matrix_returns_200_structured[s.html-text/html]" time="0.119" /><testcase classname="backend.tests.test_regression_formats" name="test_sync_format_matrix_returns_200_structured[s.csv-text/csv]" time="0.181" /><testcase classname="backend.tests.test_regression_formats" name="test_sync_format_matrix_returns_200_structured[s.json-application/json]" time="0.099" /><testcase classname="backend.tests.test_regression_formats" name="test_sync_blank_pdf_returns_422_problem_json" time="0.166" /><testcase classname="backend.tests.test_regression_formats" name="test_async_blank_pdf_polls_to_failed" time="1.725" /><testcase classname="backend.tests.test_regression_formats" name="test_sync_s3_json_body_returns_200" time="0.058" /><testcase classname="backend.tests.test_regression_formats" name="test_sync_ocr_image_jpeg_german" time="0.517" /><testcase classname="backend.tests.test_regression_formats" name="test_sync_ocr_personalausweis_detection" time="0.532" /><testcase classname="backend.tests.test_regression_formats" name="test_sync_scanned_pdf_ocr_fallback" time="1.342" /><testcase classname="backend.tests.test_regression_formats" name="test_sync_german_chars_preserved" time="0.074" /><testcase classname="backend.tests.test_regression_formats" name="test_async_image_ocr_completes" time="1.674" /></testsuite></testsuites>